\BOOKMARK [1][-]{section.1}{Introduction}{}% 1
\BOOKMARK [1][-]{section.2}{Objectives and Technical Approach}{}% 2
\BOOKMARK [2][-]{subsection.2.1}{Model Integration \(Glenn\)}{section.2}% 3
\BOOKMARK [2][-]{subsection.2.2}{Aerodynamic Modeling \(Stanford / Ames\)}{section.2}% 4
\BOOKMARK [3][-]{subsubsection.2.2.1}{Propeller Analysis \(Ames\)}{subsection.2.2}% 5
\BOOKMARK [3][-]{subsubsection.2.2.2}{Wing \046 Fueselage Analysis \(Stanford\)}{subsection.2.2}% 6
\BOOKMARK [3][-]{subsubsection.2.2.3}{Wing-Propeller Coupling \(Glenn/Stanford\)}{subsection.2.2}% 7
\BOOKMARK [2][-]{subsection.2.3}{Structural Modeling \(GaTech\)}{section.2}% 8
\BOOKMARK [3][-]{subsubsection.2.3.1}{Nonlinear structural modeling}{subsection.2.3}% 9
\BOOKMARK [3][-]{subsubsection.2.3.2}{Aeroelastic load and displacement transfer}{subsection.2.3}% 10
\BOOKMARK [3][-]{subsubsection.2.3.3}{Illustration of the IGA modeling capabilities}{subsection.2.3}% 11
\BOOKMARK [2][-]{subsection.2.4}{Aircraft Design}{section.2}% 12
\BOOKMARK [3][-]{subsubsection.2.4.1}{Aircraft Configuration}{subsection.2.4}% 13
\BOOKMARK [3][-]{subsubsection.2.4.2}{Construction Methods}{subsection.2.4}% 14
\BOOKMARK [3][-]{subsubsection.2.4.3}{Detailed Design}{subsection.2.4}% 15
\BOOKMARK [2][-]{subsection.2.5}{Structural Testing \046 Model Validation}{section.2}% 16
\BOOKMARK [2][-]{subsection.2.6}{Testing Plan}{section.2}% 17
\BOOKMARK [1][-]{section.3}{Innovation \046 Impact}{}% 18
\BOOKMARK [1][-]{section.4}{Intellectual Property Statement}{}% 19
\BOOKMARK [1][-]{section.5}{Team Structure and Management}{}% 20
\BOOKMARK [1][-]{section.6}{Milestones and Deliverables}{}% 21
\BOOKMARK [2][-]{subsection.6.1}{Schedule}{section.6}% 22
\BOOKMARK [2][-]{subsection.6.2}{Milestones}{section.6}% 23
\BOOKMARK [2][-]{subsection.6.3}{Deliverables}{section.6}% 24
\BOOKMARK [3][-]{subsubsection.6.3.1}{Year 1}{subsection.6.3}% 25
\BOOKMARK [3][-]{subsubsection.6.3.2}{Year 2}{subsection.6.3}% 26
\BOOKMARK [1][-]{section.7}{Cost Sharing}{}% 27
\BOOKMARK [1][-]{appendix.A}{Budget}{}% 28
\BOOKMARK [1][-]{appendix.B}{Resumes \046 Qualifications}{}% 29
